----------------------------------------------------------------------------------------------------
------------------------------------ MegaLinter, by OX Security ------------------------------------
----------------------------------------------------------------------------------------------------
 - Image Creation Date: 2023-01-07T10:01:25Z
 - Image Revision: 8fd433c
 - Image Version: v6.18.0
----------------------------------------------------------------------------------------------------
The MegaLinter documentation can be found at:
 - https://megalinter.io/6.18.0
----------------------------------------------------------------------------------------------------
::group::MegaLinter initialization (expand for details)
GITHUB_REPOSITORY: GSA/usagov-benefits-eligibility
GITHUB_REF: refs/heads/westest
GITHUB_RUN_ID: 3948683585


[Activation] REPOSITORY_GOODCHECK has been set inactive, as none of these files has been found: ['goodcheck.yml']
[SemgrepLinter] Deactivated because no ruleset has been defined
[Activation] SQL_SQLFLUFF has been set inactive, as none of these files has been found: ['.sqlfluff']
[Activation] SWIFT_SWIFTLINT has been set inactive, as none of these files has been found: ['.swiftlint.yml']
MARKDOWN_REMARK_LINT has been temporary disabled in MegaLinter, please use a previous MegaLinter version or wait for the next one !
Skipped linters: ANSIBLE_ANSIBLE_LINT, COPYPASTE_JSCPD, JAVASCRIPT_STANDARD, KUBERNETES_KUBECONFORM, KUBERNETES_KUBEVAL, MARKDOWN_REMARK_LINT, REPOSITORY_GOODCHECK, REPOSITORY_SEMGREP, SALESFORCE_SFDX_SCANNER_APEX, SALESFORCE_SFDX_SCANNER_AURA, SALESFORCE_SFDX_SCANNER_LWC, SPELL_CSPELL, SPELL_MISSPELL, SPELL_PROSELINT, SQL_SQLFLUFF, SWIFT_SWIFTLINT, TYPESCRIPT_PRETTIER, TYPESCRIPT_STANDARD
To receive reports as email, please set variable EMAIL_REPORTER_EMAIL
::endgroup::
::group::MegaLinter now collects the files to analyse (expand for details)
Listing updated files in [/github/workspace] using git diff.
Modified files:
README.md
github_conf/branch_protection_rules.json
megalinter-reports/IDE-config.txt
megalinter-reports/IDE-config/.checkov.yml
megalinter-reports/IDE-config/.eslintrc-json.json
megalinter-reports/IDE-config/.gitleaks.toml
megalinter-reports/IDE-config/.markdown-link-check.json
megalinter-reports/IDE-config/.markdownlint.json
megalinter-reports/IDE-config/.npmpackagejsonlintrc.json
megalinter-reports/IDE-config/.secretlintrc.json
megalinter-reports/IDE-config/.vscode/extensions.json
megalinter-reports/IDE-config/.yamllint.yml
megalinter-reports/linters_logs/SUCCESS-EDITORCONFIG_EDITORCONFIG_CHECKER.log
megalinter-reports/linters_logs/SUCCESS-JSON_ESLINT_PLUGIN_JSONC.log
megalinter-reports/linters_logs/SUCCESS-JSON_JSONLINT.log
megalinter-reports/linters_logs/SUCCESS-JSON_NPM_PACKAGE_JSON_LINT.log
megalinter-reports/linters_logs/SUCCESS-JSON_PRETTIER.log
megalinter-reports/linters_logs/SUCCESS-JSON_V8R.log
megalinter-reports/linters_logs/SUCCESS-MARKDOWN_MARKDOWNLINT.log
megalinter-reports/linters_logs/SUCCESS-MARKDOWN_MARKDOWN_TABLE_FORMATTER.log
megalinter-reports/linters_logs/SUCCESS-REPOSITORY_GIT_DIFF.log
megalinter-reports/linters_logs/SUCCESS-REPOSITORY_SECRETLINT.log
megalinter-reports/linters_logs/SUCCESS-YAML_PRETTIER.log
megalinter-reports/linters_logs/SUCCESS-YAML_V8R.log
megalinter-reports/linters_logs/SUCCESS-YAML_YAMLLINT.log
megalinter-reports/linters_logs/WARNING-EDITORCONFIG_EDITORCONFIG_CHECKER.log
megalinter-reports/linters_logs/WARNING-MARKDOWN_MARKDOWN_LINK_CHECK.log
megalinter-reports/linters_logs/WARNING-REPOSITORY_CHECKOV.log
megalinter-reports/linters_logs/WARNING-REPOSITORY_GITLEAKS.log
megalinter-reports/linters_logs/WARNING-REPOSITORY_GIT_DIFF.log
megalinter-reports/linters_logs/WARNING-REPOSITORY_TRIVY.log
megalinter-reports/megalinter.log
megalinter-reports/updated_sources/README.md
megalinter-reports/updated_sources/megalinter-reports/IDE-config.txt
megalinter-reports/updated_sources/megalinter-reports/IDE-config/.vscode/extensions.json
megalinter-reports/updated_sources/megalinter-reports/linters_logs/WARNING-MARKDOWN_MARKDOWN_LINK_CHECK.log
megalinter-reports/updated_sources/megalinter-reports/linters_logs/WARNING-REPOSITORY_GITLEAKS.log
megalinter-reports/updated_sources/megalinter-reports/linters_logs/WARNING-REPOSITORY_GIT_DIFF.log
megalinter-reports/updated_sources/megalinter-reports/linters_logs/WARNING-REPOSITORY_TRIVY.log
megalinter-reports/updated_sources/megalinter-reports/megalinter.log
megalinter-reports/updated_sources/megalinter-reports/updated_sources/megalinter-reports/IDE-config/.vscode/extensions.json
megalinter-reports/updated_sources/megalinter-reports/updated_sources/megalinter-reports/updated_sources/megalinter-reports/IDE-config/.vscode/extensions.json
megalinter-reports/updated_sources/megalinter-reports/updated_sources/megalinter-reports/updated_sources/megalinter-reports/updated_sources/megalinter-reports/IDE-config/.vscode/extensions.json
megalinter-reports/updated_sources/megalinter-reports/updated_sources/megalinter-reports/updated_sources/megalinter-reports/updated_sources/megalinter-reports/updated_sources/megalinter-reports/IDE-config/.vscode/extensions.json
megalinter-reports/updated_sources/megalinter-reports/updated_sources/megalinter-reports/updated_sources/megalinter-reports/updated_sources/megalinter-reports/updated_sources/megalinter-reports/updated_sources/megalinter-reports/IDE-config/.vscode/extensions.json
megalinter-reports/updated_sources/megalinter-reports/updated_sources/megalinter-reports/updated_sources/megalinter-reports/updated_sources/megalinter-reports/updated_sources/megalinter-reports/updated_sources/megalinter-reports/updated_sources/megalinter-reports/IDE-config/.vscode/extensions.json
megalinter-reports/updated_sources/megalinter-reports/updated_sources/megalinter-reports/updated_sources/megalinter-reports/updated_sources/megalinter-reports/updated_sources/megalinter-reports/updated_sources/megalinter-reports/updated_sources/megalinter-reports/updated_sources/megalinter-reports/IDE-config/.vscode/extensions.json
megalinter-reports/updated_sources/megalinter-reports/updated_sources/megalinter-reports/updated_sources/megalinter-reports/updated_sources/megalinter-reports/updated_sources/megalinter-reports/updated_sources/megalinter-reports/updated_sources/megalinter-reports/updated_sources/megalinter-reports/updated_sources/megalinter-reports/IDE-config/.vscode/extensions.json
megalinter-reports/updated_sources/megalinter-reports/updated_sources/megalinter-reports/updated_sources/megalinter-reports/updated_sources/megalinter-reports/updated_sources/megalinter-reports/updated_sources/megalinter-reports/updated_sources/megalinter-reports/updated_sources/megalinter-reports/updated_sources/megalinter-reports/updated_sources/megalinter-reports/IDE-config/.vscode/extensions.json
megalinter-reports/updated_sources/megalinter-reports/updated_sources/megalinter-reports/updated_sources/megalinter-reports/updated_sources/megalinter-reports/updated_sources/megalinter-reports/updated_sources/megalinter-reports/updated_sources/megalinter-reports/updated_sources/megalinter-reports/updated_sources/megalinter-reports/updated_sources/megalinter-reports/updated_sources/megalinter-reports/IDE-config/.vscode/extensions.json
megalinter-reports/updated_sources/megalinter-reports/updated_sources/megalinter-reports/updated_sources/megalinter-reports/updated_sources/megalinter-reports/updated_sources/megalinter-reports/updated_sources/megalinter-reports/updated_sources/megalinter-reports/updated_sources/megalinter-reports/updated_sources/megalinter-reports/updated_sources/megalinter-reports/updated_sources/megalinter-reports/updated_sources/megalinter-reports/IDE-config/.vscode/extensions.json
megalinter-reports/updated_sources/megalinter-reports/updated_sources/megalinter-reports/updated_sources/megalinter-reports/updated_sources/megalinter-reports/updated_sources/megalinter-reports/updated_sources/megalinter-reports/updated_sources/megalinter-reports/updated_sources/megalinter-reports/updated_sources/megalinter-reports/updated_sources/megalinter-reports/updated_sources/megalinter-reports/updated_sources/megalinter-reports/updated_sources/megalinter-reports/IDE-config/.vscode/extensions.json
megalinter-reports/updated_sources/megalinter-reports/updated_sources/megalinter-reports/updated_sources/megalinter-reports/updated_sources/megalinter-reports/updated_sources/megalinter-reports/updated_sources/megalinter-reports/updated_sources/megalinter-reports/updated_sources/megalinter-reports/updated_sources/megalinter-reports/updated_sources/megalinter-reports/updated_sources/megalinter-reports/updated_sources/megalinter-reports/updated_sources/megalinter-reports/updated_sources/megalinter-reports/IDE-config/.vscode/extensions.json
megalinter-reports/updated_sources/megalinter-reports/updated_sources/megalinter-reports/updated_sources/megalinter-reports/updated_sources/megalinter-reports/updated_sources/megalinter-reports/updated_sources/megalinter-reports/updated_sources/megalinter-reports/updated_sources/megalinter-reports/updated_sources/megalinter-reports/updated_sources/megalinter-reports/updated_sources/megalinter-reports/updated_sources/megalinter-reports/updated_sources/megalinter-reports/updated_sources/megalinter-reports/updated_sources/megalinter-reports/IDE-config/.vscode/extensions.json
megalinter-reports/updated_sources/megalinter-reports/updated_sources/megalinter-reports/updated_sources/megalinter-reports/updated_sources/megalinter-reports/updated_sources/megalinter-reports/updated_sources/megalinter-reports/updated_sources/megalinter-reports/updated_sources/megalinter-reports/updated_sources/megalinter-reports/updated_sources/megalinter-reports/updated_sources/megalinter-reports/updated_sources/megalinter-reports/updated_sources/megalinter-reports/updated_sources/megalinter-reports/updated_sources/megalinter-reports/updated_sources/megalinter-reports/IDE-config/.vscode/extensions.json
megalinter-reports/updated_sources/megalinter-reports/updated_sources/megalinter-reports/updated_sources/megalinter-reports/updated_sources/megalinter-reports/updated_sources/megalinter-reports/updated_sources/megalinter-reports/updated_sources/megalinter-reports/updated_sources/megalinter-reports/updated_sources/megalinter-reports/updated_sources/megalinter-reports/updated_sources/megalinter-reports/updated_sources/megalinter-reports/updated_sources/megalinter-reports/updated_sources/megalinter-reports/updated_sources/megalinter-reports/updated_sources/megalinter-reports/updated_sources/megalinter-reports/IDE-config/.vscode/extensions.json
megalinter-reports/updated_sources/megalinter-reports/updated_sources/megalinter-reports/updated_sources/megalinter-reports/updated_sources/megalinter-reports/updated_sources/megalinter-reports/updated_sources/megalinter-reports/updated_sources/megalinter-reports/updated_sources/megalinter-reports/updated_sources/megalinter-reports/updated_sources/megalinter-reports/updated_sources/megalinter-reports/updated_sources/megalinter-reports/updated_sources/megalinter-reports/updated_sources/megalinter-reports/updated_sources/megalinter-reports/updated_sources/megalinter-reports/updated_sources/megalinter-reports/updated_sources/megalinter-reports/IDE-config/.vscode/extensions.json
megalinter-reports/updated_sources/megalinter-reports/updated_sources/megalinter-reports/updated_sources/megalinter-reports/updated_sources/megalinter-reports/updated_sources/megalinter-reports/updated_sources/megalinter-reports/updated_sources/megalinter-reports/updated_sources/megalinter-reports/updated_sources/megalinter-reports/updated_sources/megalinter-reports/updated_sources/megalinter-reports/updated_sources/megalinter-reports/updated_sources/megalinter-reports/updated_sources/megalinter-reports/updated_sources/megalinter-reports/updated_sources/megalinter-reports/updated_sources/megalinter-reports/updated_sources/megalinter-reports/updated_sources/megalinter-reports/IDE-config/.vscode/extensions.json
megalinter-reports/updated_sources/megalinter-reports/updated_sources/megalinter-reports/updated_sources/megalinter-reports/updated_sources/megalinter-reports/updated_sources/megalinter-reports/updated_sources/megalinter-reports/updated_sources/megalinter-reports/updated_sources/megalinter-reports/updated_sources/megalinter-reports/updated_sources/megalinter-reports/updated_sources/megalinter-reports/updated_sources/megalinter-reports/updated_sources/megalinter-reports/updated_sources/megalinter-reports/updated_sources/megalinter-reports/updated_sources/megalinter-reports/updated_sources/megalinter-reports/updated_sources/megalinter-reports/updated_sources/megalinter-reports/updated_sources/megalinter-reports/IDE-config/.vscode/extensions.json
- File extensions: , *, .R, .RMD, .Rmd, .bash, .bicep, .c, .c++, .cc, .cdxml, .clj, .cljc, .cljs, .coffee, .cpp, .cs, .css, .cu, .cuh, .cxx, .dart, .dash, .edn, .env, .feature, .go, .gradle, .graphql, .groovy, .gvy, .h, .h++, .hcl, .hh, .hpp, .htm, .html, .hxx, .java, .js, .json, .json5, .jsonc, .jsx, .ksh, .kt, .kts, .lua, .md, .nf, .p6, .php, .pl, .pl6, .pm, .pm6, .pp, .proto, .ps1, .ps1xml, .psd1, .psm1, .psrc, .pssc, .py, .r, .raku, .rakumod, .rakutest, .rb, .rs, .rst, .saas, .scala, .scss, .sh, .smk, .sql, .t, .tex, .tf, .ts, .tsx, .vb, .vue, .xml, .yaml, .yml
- File names (regex): Dockerfile, Jenkinsfile, Makefile, Snakefile, package\.json
- Excluding .gitignored files [16]: /github/workspace/assets/img/Topic_Icon_About_USA_White.svg, /github/workspace/assets/img/Topic_Icon_Benefit_White.svg, /github/workspace/assets/img/Topic_Icon_Consumer_White.svg, /github/workspace/assets/img/Topic_Icon_Elected_Officials_White.svg, /github/workspace/assets/img/Topic_Icon_Immigration_White.svg, /github/workspace/assets/img/Topic_Icon_Job_White.svg, /github/workspace/assets/img/Topic_Icon_Money_White.svg, /github/workspace/assets/img/blue-minus.svg, /github/workspace/assets/img/blue-plus.svg, /github/workspace/assets/img/logo-img-usagov.png,...(full list in DEBUG)
Kept [59] files on [59] found files

+----MATCHING LINTERS---------------------+---------------------+----------------+------------+
| Descriptor   | Linter                   | Criteria            | Matching files | Format/Fix |
+--------------+--------------------------+---------------------+----------------+------------+
| EDITORCONFIG | editorconfig-checker     | *                   | 59             | no         |
| JSON         | jsonlint                 | .json               | 27             | no         |
| JSON         | eslint-plugin-jsonc      | .json|.json5|.jsonc | 27             | yes        |
| JSON         | v8r                      | .json               | 27             | no         |
| JSON         | prettier                 | .json               | 27             | yes        |
| JSON         | npm-package-json-lint    | .json|package\.json | project        | no         |
| MARKDOWN     | markdownlint             | .md                 | 2              | yes        |
| MARKDOWN     | markdown-link-check      | .md                 | 2              | no         |
| MARKDOWN     | markdown-table-formatter | .md                 | 2              | yes        |
| REPOSITORY   | checkov                  |                     | project        | no         |
| REPOSITORY   | devskim                  |                     | project        | no         |
| REPOSITORY   | dustilock                |                     | project        | no         |
| REPOSITORY   | git_diff                 |                     | project        | no         |
| REPOSITORY   | gitleaks                 |                     | project        | no         |
| REPOSITORY   | secretlint               |                     | project        | no         |
| REPOSITORY   | syft                     |                     | project        | no         |
| REPOSITORY   | trivy                    |                     | project        | no         |
| YAML         | prettier                 | .yml|.yaml          | 2              | yes        |
| YAML         | yamllint                 | .yml|.yaml          | 2              | no         |
| YAML         | v8r                      | .yml|.yaml          | 2              | no         |
+--------------+--------------------------+---------------------+----------------+------------+
::endgroup::
::group::[32mâœ… Linted [YAML] files with [prettier] successfully - (0.54s)[0m (expand for details)
- Using [prettier v2.8.1] https://megalinter.io/6.18.0/descriptors/yaml_prettier
- MegaLinter key: [YAML_PRETTIER]
- Rules config: identified by [prettier]
- Number of files analyzed: [2]
::endgroup::
::group::[32mâœ… Linted [MARKDOWN] files with [markdownlint] successfully - (0.4s)[0m (expand for details)
- Using [markdownlint v0.33.0] https://megalinter.io/6.18.0/descriptors/markdown_markdownlint
- MegaLinter key: [MARKDOWN_MARKDOWNLINT]
- Rules config: [.markdownlint.json]
- Number of files analyzed: [2]
::endgroup::
::group::[32mâœ… Linted [MARKDOWN] files with [markdown-table-formatter] successfully - (0.27s)[0m (expand for details)
- Using [markdown-table-formatter v1.4.0] https://megalinter.io/6.18.0/descriptors/markdown_markdown_table_formatter
- MegaLinter key: [MARKDOWN_MARKDOWN_TABLE_FORMATTER]
- Rules config: identified by [markdown-table-formatter]
- Number of files analyzed: [2]
::endgroup::
::group::[32mâœ… Linted [JSON] files with [eslint-plugin-jsonc] successfully - (0.97s)[0m (expand for details)
- Using [eslint-plugin-jsonc v2.6.0] https://megalinter.io/6.18.0/descriptors/json_eslint_plugin_jsonc
- MegaLinter key: [JSON_ESLINT_PLUGIN_JSONC]
- Rules config: [.eslintrc-json.json]
- Number of files analyzed: [27]
::endgroup::
::group::[32mâœ… Linted [JSON] files with [prettier] successfully - (1.21s)[0m (expand for details)
- Using [prettier v2.8.1] https://megalinter.io/6.18.0/descriptors/json_prettier
- MegaLinter key: [JSON_PRETTIER]
- Rules config: identified by [prettier]
- Number of files analyzed: [27]
::endgroup::
::group::[32mâœ… Linted [JSON] files with [v8r] successfully - (6.55s)[0m (expand for details)
- Using [v8r v0.13.1] https://megalinter.io/6.18.0/descriptors/json_v8r
- MegaLinter key: [JSON_V8R]
- Rules config: identified by [v8r]
- Number of files analyzed: [27]
::endgroup::
::group::[33mâœ… Linted [MARKDOWN] files with [markdown-link-check]: Found 2 non blocking error(s) - (13.9s)[0m (expand for details)
- Using [markdown-link-check v3.10.3] https://megalinter.io/6.18.0/descriptors/markdown_markdown_link_check
- MegaLinter key: [MARKDOWN_MARKDOWN_LINK_CHECK]
- Rules config: [.markdown-link-check.json]
- Number of files analyzed: [2]
--Error detail:

FILE: /github/workspace/README.md
  [âœ“] https://github.com/GSA/usagov-benefits-eligibility/actions/workflows/test.yml
  [âœ“] https://github.com/GSA/usagov-benefits-eligibility/actions/workflows/codeql-analysis.yml
  [âœ“] https://github.com/GSA/usagov-benefits-eligibility/actions/workflows/megalinter.yml
  [âœ“] https://github.com/GSA/usagov-benefits-eligibility/actions/workflows/semgrep.yml
  [âœ“] https://github.com/GSA/usagov-benefits-eligibility/actions/workflows/woke.yml
  [âœ“] https://github.com/GSA/usagov-benefits-eligibility/actions/workflows/snyk.yml
  [âœ“] https://github.com/GSA/usagov-benefits-eligibility/actions/workflows/owasp_zap_full.yml
  [âœ“] https://github.com/GSA/usagov-benefits-eligibility/actions/workflows/pa11y.yml
  [âœ“] https://nuxtjs.org
  [âœ“] https://www.vagrantup.com/
  [âœ“] https://www.virtualbox.org/
  [âœ“] https://nuxtjs.org/
  [âœ“] https://webpack.js.org
  [âœ“] https://jestjs.io/
  [âœ“] https://federalistapp.18f.gov/
  [âœ“] https://federalist.18f.gov/documentation/
  [âœ“] https://federalistapp.18f.gov/sites/983/builds
  [âœ–] (%3Chttps://nuxtjs.org%3E)
  [âœ“] https://vuejs.org/
  [âœ“] https://designsystem.digital.gov/
  [âœ“] https://dykraf.com/blog/nuxtjs-static-content-using-vuex#using-store-in-pages-with-disp
  [âœ“] https://vueschool.io/articles/vuejs-tutorials/how-to-structure-a-large-scale-vue-js-application/
  [âœ“] https://github.com/GSA/usagov-benefits-eligibility/actions/workflows/test.yml/badge.svg
  [âœ“] https://github.com/GSA/usagov-benefits-eligibility/actions/workflows/codeql-analysis.yml/badge.svg
  [âœ“] https://github.com/GSA/usagov-benefits-eligibility/actions/workflows/megalinter.yml/badge.svg
  [âœ“] https://github.com/GSA/usagov-benefits-eligibility/actions/workflows/semgrep.yml/badge.svg
  [âœ“] https://github.com/GSA/usagov-benefits-eligibility/actions/workflows/woke.yml/badge.svg
  [âœ“] https://github.com/GSA/usagov-benefits-eligibility/actions/workflows/snyk.yml/badge.svg
  [âœ“] https://github.com/GSA/usagov-benefits-eligibility/actions/workflows/owasp_zap_full.yml/badge.svg
  [âœ“] https://github.com/GSA/usagov-benefits-eligibility/actions/workflows/pa11y.yml/badge.svg

  30 links checked.

  ERROR: 1 dead links found!
  [âœ–] (%3Chttps://nuxtjs.org%3E) â†’ Status: 400

FILE: /github/workspace/megalinter-reports/updated_sources/README.md
  [âœ“] https://github.com/GSA/usagov-benefits-eligibility/actions/workflows/test.yml
  [âœ“] https://github.com/GSA/usagov-benefits-eligibility/actions/workflows/codeql-analysis.yml
  [âœ“] https://github.com/GSA/usagov-benefits-eligibility/actions/workflows/megalinter.yml
  [âœ“] https://github.com/GSA/usagov-benefits-eligibility/actions/workflows/semgrep.yml
  [âœ“] https://github.com/GSA/usagov-benefits-eligibility/actions/workflows/woke.yml
  [âœ“] https://github.com/GSA/usagov-benefits-eligibility/actions/workflows/snyk.yml
  [âœ“] https://github.com/GSA/usagov-benefits-eligibility/actions/workflows/owasp_zap_full.yml
  [âœ“] https://github.com/GSA/usagov-benefits-eligibility/actions/workflows/pa11y.yml
  [âœ“] https://nuxtjs.org
  [âœ“] https://www.vagrantup.com/
  [âœ“] https://www.virtualbox.org/
  [âœ“] https://nuxtjs.org/
  [âœ“] https://webpack.js.org
  [âœ“] https://jestjs.io/
  [âœ“] https://federalistapp.18f.gov/
  [âœ“] https://federalist.18f.gov/documentation/
  [âœ“] https://federalistapp.18f.gov/sites/983/builds
  [âœ–] (%3Chttps://nuxtjs.org%3E)
  [âœ“] https://vuejs.org/
  [âœ“] https://designsystem.digital.gov/
  [âœ“] https://dykraf.com/blog/nuxtjs-static-content-using-vuex#using-store-in-pages-with-disp
  [âœ“] https://vueschool.io/articles/vuejs-tutorials/how-to-structure-a-large-scale-vue-js-application/
  [âœ“] https://github.com/GSA/usagov-benefits-eligibility/actions/workflows/test.yml/badge.svg
  [âœ“] https://github.com/GSA/usagov-benefits-eligibility/actions/workflows/codeql-analysis.yml/badge.svg
  [âœ“] https://github.com/GSA/usagov-benefits-eligibility/actions/workflows/megalinter.yml/badge.svg
  [âœ“] https://github.com/GSA/usagov-benefits-eligibility/actions/workflows/semgrep.yml/badge.svg
  [âœ“] https://github.com/GSA/usagov-benefits-eligibility/actions/workflows/woke.yml/badge.svg
  [âœ“] https://github.com/GSA/usagov-benefits-eligibility/actions/workflows/snyk.yml/badge.svg
  [âœ“] https://github.com/GSA/usagov-benefits-eligibility/actions/workflows/owasp_zap_full.yml/badge.svg
  [âœ“] https://github.com/GSA/usagov-benefits-eligibility/actions/workflows/pa11y.yml/badge.svg

  30 links checked.

  ERROR: 1 dead links found!
  [âœ–] (%3Chttps://nuxtjs.org%3E) â†’ Status: 400

::endgroup::
::group::[33mâœ… Linted [REPOSITORY] files with [gitleaks]: Found 2 non blocking error(s) - (10.86s)[0m (expand for details)
- Using [gitleaks v8.15.2] https://megalinter.io/6.18.0/descriptors/repository_gitleaks
- MegaLinter key: [REPOSITORY_GITLEAKS]
- Rules config: [.gitleaks.toml]
--Error detail:

    â—‹
    â”‚â•²
    â”‚ â—‹
    â—‹ â–‘
    â–‘    gitleaks

Finding:     searchGovAccessKey: "[1;3;m5S6Psw6bydi_cmKJXx_v0k0Bo2WIk1aJdZzTgtDVjIg=[0m",
Secret:      [1;3;m5S6Psw6bydi_cmKJXx_v0k0Bo2WIk1aJdZzTgtDVjIg=[0m
RuleID:      generic-api-key
Entropy:     5.095795
File:        nuxt.config.js
Line:        112
Commit:      e14a796f1a8962c4089e2501b71e28b929d748c5
Author:      Jesse Schoenemann
Email:       36480164+jschoenemann-cms@users.noreply.github.com
Date:        2022-03-09T19:58:41Z
Fingerprint: e14a796f1a8962c4089e2501b71e28b929d748c5:nuxt.config.js:generic-api-key:112

Finding:     searchGovAccessKey: '[1;3;m5S6Psw6bydi_cmKJXx_v0k0Bo2WIk1aJdZzTgtDVjIg=[0m',
Secret:      [1;3;m5S6Psw6bydi_cmKJXx_v0k0Bo2WIk1aJdZzTgtDVjIg=[0m
RuleID:      generic-api-key
Entropy:     5.095795
File:        nuxt.config.js
Line:        107
Commit:      06c6515b961047c8dc7109c98e04f25d79ada994
Author:      Taylor Zajicek
Email:       tzajicek@flexion.us
Date:        2021-08-10T14:44:28Z
Fingerprint: 06c6515b961047c8dc7109c98e04f25d79ada994:nuxt.config.js:generic-api-key:107

[90m12:08PM[0m [32mINF[0m 2906 commits scanned.
[90m12:08PM[0m [32mINF[0m scan completed in 10.8s
[90m12:08PM[0m [31mWRN[0m leaks found: 2

::endgroup::
::group::[32mâœ… Linted [YAML] files with [v8r] successfully - (1.88s)[0m (expand for details)
- Using [v8r v0.13.1] https://megalinter.io/6.18.0/descriptors/yaml_v8r
- MegaLinter key: [YAML_V8R]
- Rules config: identified by [v8r]
- Number of files analyzed: [2]
::endgroup::
::group::[33mâœ… Linted [REPOSITORY] files with [trivy]: Found 1 non blocking error(s) - (6.94s)[0m (expand for details)
- Using [trivy v0.35.0] https://megalinter.io/6.18.0/descriptors/repository_trivy
- MegaLinter key: [REPOSITORY_TRIVY]
- Rules config: identified by [trivy]
--Error detail:
2023-01-18T12:08:29.515Z	[34mINFO[0m	Need to update DB
2023-01-18T12:08:29.515Z	[34mINFO[0m	DB Repository: ghcr.io/aquasecurity/trivy-db
2023-01-18T12:08:29.515Z	[34mINFO[0m	Downloading DB...
26.07 MiB / 36.10 MiB [-------------------------------------------->________________] 72.22% ? p/s ?36.10 MiB / 36.10 MiB [----------------------------------------------------------->] 100.00% ? p/s ?36.10 MiB / 36.10 MiB [----------------------------------------------------------->] 100.00% ? p/s ?36.10 MiB / 36.10 MiB [---------------------------------------------->] 100.00% 16.72 MiB p/s ETA 0s36.10 MiB / 36.10 MiB [---------------------------------------------->] 100.00% 16.72 MiB p/s ETA 0s36.10 MiB / 36.10 MiB [---------------------------------------------->] 100.00% 16.72 MiB p/s ETA 0s36.10 MiB / 36.10 MiB [---------------------------------------------->] 100.00% 15.64 MiB p/s ETA 0s36.10 MiB / 36.10 MiB [---------------------------------------------->] 100.00% 15.64 MiB p/s ETA 0s36.10 MiB / 36.10 MiB [---------------------------------------------->] 100.00% 15.64 MiB p/s ETA 0s36.10 MiB / 36.10 MiB [---------------------------------------------->] 100.00% 14.63 MiB p/s ETA 0s36.10 MiB / 36.10 MiB [---------------------------------------------->] 100.00% 14.63 MiB p/s ETA 0s36.10 MiB / 36.10 MiB [-------------------------------------------------] 100.00% 17.21 MiB p/s 2.3s2023-01-18T12:08:32.449Z	[34mINFO[0m	Vulnerability scanning is enabled
2023-01-18T12:08:32.449Z	[34mINFO[0m	Misconfiguration scanning is enabled
2023-01-18T12:08:35.945Z	[34mINFO[0m	Number of language-specific files: 1
2023-01-18T12:08:35.945Z	[34mINFO[0m	Detecting npm vulnerabilities...
2023-01-18T12:08:35.977Z	[34mINFO[0m	Detected config files: 1

package-lock.json (npm)
=======================
Total: 14 (UNKNOWN: 0, LOW: 1, MEDIUM: 1, HIGH: 9, CRITICAL: 3)

â”Œâ”€â”€â”€â”€â”€â”€â”€â”€â”€â”€â”€â”€â”€â”€â”€â”€â”€â”€â”€â”€â”€â”€â”¬â”€â”€â”€â”€â”€â”€â”€â”€â”€â”€â”€â”€â”€â”€â”€â”€â”¬â”€â”€â”€â”€â”€â”€â”€â”€â”€â”€â”¬â”€â”€â”€â”€â”€â”€â”€â”€â”€â”€â”€â”€â”€â”€â”€â”€â”€â”€â”€â”¬â”€â”€â”€â”€â”€â”€â”€â”€â”€â”€â”€â”€â”€â”€â”€â”€â”€â”€â”€â”€â”€â”¬â”€â”€â”€â”€â”€â”€â”€â”€â”€â”€â”€â”€â”€â”€â”€â”€â”€â”€â”€â”€â”€â”€â”€â”€â”€â”€â”€â”€â”€â”€â”€â”€â”€â”€â”€â”€â”€â”€â”€â”€â”€â”€â”€â”€â”€â”€â”€â”€â”€â”€â”€â”€â”€â”€â”€â”€â”€â”€â”€â”€â”€â”€â”
â”‚       Library        â”‚ Vulnerability  â”‚ Severity â”‚ Installed Version â”‚    Fixed Version    â”‚                            Title                             â”‚
â”œâ”€â”€â”€â”€â”€â”€â”€â”€â”€â”€â”€â”€â”€â”€â”€â”€â”€â”€â”€â”€â”€â”€â”¼â”€â”€â”€â”€â”€â”€â”€â”€â”€â”€â”€â”€â”€â”€â”€â”€â”¼â”€â”€â”€â”€â”€â”€â”€â”€â”€â”€â”¼â”€â”€â”€â”€â”€â”€â”€â”€â”€â”€â”€â”€â”€â”€â”€â”€â”€â”€â”€â”¼â”€â”€â”€â”€â”€â”€â”€â”€â”€â”€â”€â”€â”€â”€â”€â”€â”€â”€â”€â”€â”€â”¼â”€â”€â”€â”€â”€â”€â”€â”€â”€â”€â”€â”€â”€â”€â”€â”€â”€â”€â”€â”€â”€â”€â”€â”€â”€â”€â”€â”€â”€â”€â”€â”€â”€â”€â”€â”€â”€â”€â”€â”€â”€â”€â”€â”€â”€â”€â”€â”€â”€â”€â”€â”€â”€â”€â”€â”€â”€â”€â”€â”€â”€â”€â”¤
â”‚ decode-uri-component â”‚ CVE-2022-38900 â”‚ LOW      â”‚ 0.2.0             â”‚ 0.2.1               â”‚ decode-uri-component vulnerable to Denial of Service (DoS)   â”‚
â”‚                      â”‚                â”‚          â”‚                   â”‚                     â”‚ https://avd.aquasec.com/nvd/cve-2022-38900                   â”‚
â”œâ”€â”€â”€â”€â”€â”€â”€â”€â”€â”€â”€â”€â”€â”€â”€â”€â”€â”€â”€â”€â”€â”€â”¼â”€â”€â”€â”€â”€â”€â”€â”€â”€â”€â”€â”€â”€â”€â”€â”€â”¼â”€â”€â”€â”€â”€â”€â”€â”€â”€â”€â”¼â”€â”€â”€â”€â”€â”€â”€â”€â”€â”€â”€â”€â”€â”€â”€â”€â”€â”€â”€â”¼â”€â”€â”€â”€â”€â”€â”€â”€â”€â”€â”€â”€â”€â”€â”€â”€â”€â”€â”€â”€â”€â”¼â”€â”€â”€â”€â”€â”€â”€â”€â”€â”€â”€â”€â”€â”€â”€â”€â”€â”€â”€â”€â”€â”€â”€â”€â”€â”€â”€â”€â”€â”€â”€â”€â”€â”€â”€â”€â”€â”€â”€â”€â”€â”€â”€â”€â”€â”€â”€â”€â”€â”€â”€â”€â”€â”€â”€â”€â”€â”€â”€â”€â”€â”€â”¤
â”‚ glob-parent          â”‚ CVE-2020-28469 â”‚ HIGH     â”‚ 3.1.0             â”‚ 5.1.2               â”‚ nodejs-glob-parent: Regular expression denial of service     â”‚
â”‚                      â”‚                â”‚          â”‚                   â”‚                     â”‚ https://avd.aquasec.com/nvd/cve-2020-28469                   â”‚
â”œâ”€â”€â”€â”€â”€â”€â”€â”€â”€â”€â”€â”€â”€â”€â”€â”€â”€â”€â”€â”€â”€â”€â”¼â”€â”€â”€â”€â”€â”€â”€â”€â”€â”€â”€â”€â”€â”€â”€â”€â”¤          â”œâ”€â”€â”€â”€â”€â”€â”€â”€â”€â”€â”€â”€â”€â”€â”€â”€â”€â”€â”€â”¼â”€â”€â”€â”€â”€â”€â”€â”€â”€â”€â”€â”€â”€â”€â”€â”€â”€â”€â”€â”€â”€â”¼â”€â”€â”€â”€â”€â”€â”€â”€â”€â”€â”€â”€â”€â”€â”€â”€â”€â”€â”€â”€â”€â”€â”€â”€â”€â”€â”€â”€â”€â”€â”€â”€â”€â”€â”€â”€â”€â”€â”€â”€â”€â”€â”€â”€â”€â”€â”€â”€â”€â”€â”€â”€â”€â”€â”€â”€â”€â”€â”€â”€â”€â”€â”¤
â”‚ json5                â”‚ CVE-2022-46175 â”‚          â”‚ 1.0.1             â”‚ 1.0.2, 2.2.2        â”‚ json5: Prototype Pollution in JSON5 via Parse Method         â”‚
â”‚                      â”‚                â”‚          â”‚                   â”‚                     â”‚ https://avd.aquasec.com/nvd/cve-2022-46175                   â”‚
â”‚                      â”‚                â”‚          â”œâ”€â”€â”€â”€â”€â”€â”€â”€â”€â”€â”€â”€â”€â”€â”€â”€â”€â”€â”€â”¤                     â”‚                                                              â”‚
â”‚                      â”‚                â”‚          â”‚ 2.2.0             â”‚                     â”‚                                                              â”‚
â”‚                      â”‚                â”‚          â”‚                   â”‚                     â”‚                                                              â”‚
â”œâ”€â”€â”€â”€â”€â”€â”€â”€â”€â”€â”€â”€â”€â”€â”€â”€â”€â”€â”€â”€â”€â”€â”¼â”€â”€â”€â”€â”€â”€â”€â”€â”€â”€â”€â”€â”€â”€â”€â”€â”¼â”€â”€â”€â”€â”€â”€â”€â”€â”€â”€â”¼â”€â”€â”€â”€â”€â”€â”€â”€â”€â”€â”€â”€â”€â”€â”€â”€â”€â”€â”€â”¼â”€â”€â”€â”€â”€â”€â”€â”€â”€â”€â”€â”€â”€â”€â”€â”€â”€â”€â”€â”€â”€â”¼â”€â”€â”€â”€â”€â”€â”€â”€â”€â”€â”€â”€â”€â”€â”€â”€â”€â”€â”€â”€â”€â”€â”€â”€â”€â”€â”€â”€â”€â”€â”€â”€â”€â”€â”€â”€â”€â”€â”€â”€â”€â”€â”€â”€â”€â”€â”€â”€â”€â”€â”€â”€â”€â”€â”€â”€â”€â”€â”€â”€â”€â”€â”¤
â”‚ loader-utils         â”‚ CVE-2022-37601 â”‚ CRITICAL â”‚ 1.4.0             â”‚ 1.4.1, 2.0.3        â”‚ loader-utils: prototype pollution in function parseQuery in  â”‚
â”‚                      â”‚                â”‚          â”‚                   â”‚                     â”‚ parseQuery.js                                                â”‚
â”‚                      â”‚                â”‚          â”‚                   â”‚                     â”‚ https://avd.aquasec.com/nvd/cve-2022-37601                   â”‚
â”‚                      â”œâ”€â”€â”€â”€â”€â”€â”€â”€â”€â”€â”€â”€â”€â”€â”€â”€â”¼â”€â”€â”€â”€â”€â”€â”€â”€â”€â”€â”¤                   â”œâ”€â”€â”€â”€â”€â”€â”€â”€â”€â”€â”€â”€â”€â”€â”€â”€â”€â”€â”€â”€â”€â”¼â”€â”€â”€â”€â”€â”€â”€â”€â”€â”€â”€â”€â”€â”€â”€â”€â”€â”€â”€â”€â”€â”€â”€â”€â”€â”€â”€â”€â”€â”€â”€â”€â”€â”€â”€â”€â”€â”€â”€â”€â”€â”€â”€â”€â”€â”€â”€â”€â”€â”€â”€â”€â”€â”€â”€â”€â”€â”€â”€â”€â”€â”€â”¤
â”‚                      â”‚ CVE-2022-37599 â”‚ HIGH     â”‚                   â”‚ 3.2.1, 2.0.4, 1.4.2 â”‚ A Regular expression denial of service (ReDoS) flaw was      â”‚
â”‚                      â”‚                â”‚          â”‚                   â”‚                     â”‚ found in Funct...                                            â”‚
â”‚                      â”‚                â”‚          â”‚                   â”‚                     â”‚ https://avd.aquasec.com/nvd/cve-2022-37599                   â”‚
â”‚                      â”œâ”€â”€â”€â”€â”€â”€â”€â”€â”€â”€â”€â”€â”€â”€â”€â”€â”¤          â”‚                   â”‚                     â”œâ”€â”€â”€â”€â”€â”€â”€â”€â”€â”€â”€â”€â”€â”€â”€â”€â”€â”€â”€â”€â”€â”€â”€â”€â”€â”€â”€â”€â”€â”€â”€â”€â”€â”€â”€â”€â”€â”€â”€â”€â”€â”€â”€â”€â”€â”€â”€â”€â”€â”€â”€â”€â”€â”€â”€â”€â”€â”€â”€â”€â”€â”€â”¤
â”‚                      â”‚ CVE-2022-37603 â”‚          â”‚                   â”‚                     â”‚ loader-utils:Regular expression denial of service            â”‚
â”‚                      â”‚                â”‚          â”‚                   â”‚                     â”‚ https://avd.aquasec.com/nvd/cve-2022-37603                   â”‚
â”‚                      â”œâ”€â”€â”€â”€â”€â”€â”€â”€â”€â”€â”€â”€â”€â”€â”€â”€â”¼â”€â”€â”€â”€â”€â”€â”€â”€â”€â”€â”¼â”€â”€â”€â”€â”€â”€â”€â”€â”€â”€â”€â”€â”€â”€â”€â”€â”€â”€â”€â”¼â”€â”€â”€â”€â”€â”€â”€â”€â”€â”€â”€â”€â”€â”€â”€â”€â”€â”€â”€â”€â”€â”¼â”€â”€â”€â”€â”€â”€â”€â”€â”€â”€â”€â”€â”€â”€â”€â”€â”€â”€â”€â”€â”€â”€â”€â”€â”€â”€â”€â”€â”€â”€â”€â”€â”€â”€â”€â”€â”€â”€â”€â”€â”€â”€â”€â”€â”€â”€â”€â”€â”€â”€â”€â”€â”€â”€â”€â”€â”€â”€â”€â”€â”€â”€â”¤
â”‚                      â”‚ CVE-2022-37601 â”‚ CRITICAL â”‚ 2.0.2             â”‚ 1.4.1, 2.0.3        â”‚ loader-utils: prototype pollution in function parseQuery in  â”‚
â”‚                      â”‚                â”‚          â”‚                   â”‚                     â”‚ parseQuery.js                                                â”‚
â”‚                      â”‚                â”‚          â”‚                   â”‚                     â”‚ https://avd.aquasec.com/nvd/cve-2022-37601                   â”‚
â”‚                      â”œâ”€â”€â”€â”€â”€â”€â”€â”€â”€â”€â”€â”€â”€â”€â”€â”€â”¼â”€â”€â”€â”€â”€â”€â”€â”€â”€â”€â”¤                   â”œâ”€â”€â”€â”€â”€â”€â”€â”€â”€â”€â”€â”€â”€â”€â”€â”€â”€â”€â”€â”€â”€â”¼â”€â”€â”€â”€â”€â”€â”€â”€â”€â”€â”€â”€â”€â”€â”€â”€â”€â”€â”€â”€â”€â”€â”€â”€â”€â”€â”€â”€â”€â”€â”€â”€â”€â”€â”€â”€â”€â”€â”€â”€â”€â”€â”€â”€â”€â”€â”€â”€â”€â”€â”€â”€â”€â”€â”€â”€â”€â”€â”€â”€â”€â”€â”¤
â”‚                      â”‚ CVE-2022-37599 â”‚ HIGH     â”‚                   â”‚ 3.2.1, 2.0.4, 1.4.2 â”‚ A Regular expression denial of service (ReDoS) flaw was      â”‚
â”‚                      â”‚                â”‚          â”‚                   â”‚                     â”‚ found in Funct...                                            â”‚
â”‚                      â”‚                â”‚          â”‚                   â”‚                     â”‚ https://avd.aquasec.com/nvd/cve-2022-37599                   â”‚
â”‚                      â”œâ”€â”€â”€â”€â”€â”€â”€â”€â”€â”€â”€â”€â”€â”€â”€â”€â”¤          â”‚                   â”‚                     â”œâ”€â”€â”€â”€â”€â”€â”€â”€â”€â”€â”€â”€â”€â”€â”€â”€â”€â”€â”€â”€â”€â”€â”€â”€â”€â”€â”€â”€â”€â”€â”€â”€â”€â”€â”€â”€â”€â”€â”€â”€â”€â”€â”€â”€â”€â”€â”€â”€â”€â”€â”€â”€â”€â”€â”€â”€â”€â”€â”€â”€â”€â”€â”¤
â”‚                      â”‚ CVE-2022-37603 â”‚          â”‚                   â”‚                     â”‚ loader-utils:Regular expression denial of service            â”‚
â”‚                      â”‚                â”‚          â”‚                   â”‚                     â”‚ https://avd.aquasec.com/nvd/cve-2022-37603                   â”‚
â”œâ”€â”€â”€â”€â”€â”€â”€â”€â”€â”€â”€â”€â”€â”€â”€â”€â”€â”€â”€â”€â”€â”€â”¼â”€â”€â”€â”€â”€â”€â”€â”€â”€â”€â”€â”€â”€â”€â”€â”€â”¤          â”œâ”€â”€â”€â”€â”€â”€â”€â”€â”€â”€â”€â”€â”€â”€â”€â”€â”€â”€â”€â”¼â”€â”€â”€â”€â”€â”€â”€â”€â”€â”€â”€â”€â”€â”€â”€â”€â”€â”€â”€â”€â”€â”¼â”€â”€â”€â”€â”€â”€â”€â”€â”€â”€â”€â”€â”€â”€â”€â”€â”€â”€â”€â”€â”€â”€â”€â”€â”€â”€â”€â”€â”€â”€â”€â”€â”€â”€â”€â”€â”€â”€â”€â”€â”€â”€â”€â”€â”€â”€â”€â”€â”€â”€â”€â”€â”€â”€â”€â”€â”€â”€â”€â”€â”€â”€â”¤
â”‚ nth-check            â”‚ CVE-2021-3803  â”‚          â”‚ 1.0.2             â”‚ 2.0.1               â”‚ nodejs-nth-check: inefficient regular expression complexity  â”‚
â”‚                      â”‚                â”‚          â”‚                   â”‚                     â”‚ https://avd.aquasec.com/nvd/cve-2021-3803                    â”‚
â”œâ”€â”€â”€â”€â”€â”€â”€â”€â”€â”€â”€â”€â”€â”€â”€â”€â”€â”€â”€â”€â”€â”€â”¼â”€â”€â”€â”€â”€â”€â”€â”€â”€â”€â”€â”€â”€â”€â”€â”€â”¤          â”œâ”€â”€â”€â”€â”€â”€â”€â”€â”€â”€â”€â”€â”€â”€â”€â”€â”€â”€â”€â”¼â”€â”€â”€â”€â”€â”€â”€â”€â”€â”€â”€â”€â”€â”€â”€â”€â”€â”€â”€â”€â”€â”¼â”€â”€â”€â”€â”€â”€â”€â”€â”€â”€â”€â”€â”€â”€â”€â”€â”€â”€â”€â”€â”€â”€â”€â”€â”€â”€â”€â”€â”€â”€â”€â”€â”€â”€â”€â”€â”€â”€â”€â”€â”€â”€â”€â”€â”€â”€â”€â”€â”€â”€â”€â”€â”€â”€â”€â”€â”€â”€â”€â”€â”€â”€â”¤
â”‚ parse-path           â”‚ CVE-2022-0624  â”‚          â”‚ 4.0.4             â”‚ 5.0.0               â”‚ Authorization Bypass in parse-path                           â”‚
â”‚                      â”‚                â”‚          â”‚                   â”‚                     â”‚ https://avd.aquasec.com/nvd/cve-2022-0624                    â”‚
â”œâ”€â”€â”€â”€â”€â”€â”€â”€â”€â”€â”€â”€â”€â”€â”€â”€â”€â”€â”€â”€â”€â”€â”¼â”€â”€â”€â”€â”€â”€â”€â”€â”€â”€â”€â”€â”€â”€â”€â”€â”¼â”€â”€â”€â”€â”€â”€â”€â”€â”€â”€â”¼â”€â”€â”€â”€â”€â”€â”€â”€â”€â”€â”€â”€â”€â”€â”€â”€â”€â”€â”€â”¼â”€â”€â”€â”€â”€â”€â”€â”€â”€â”€â”€â”€â”€â”€â”€â”€â”€â”€â”€â”€â”€â”¼â”€â”€â”€â”€â”€â”€â”€â”€â”€â”€â”€â”€â”€â”€â”€â”€â”€â”€â”€â”€â”€â”€â”€â”€â”€â”€â”€â”€â”€â”€â”€â”€â”€â”€â”€â”€â”€â”€â”€â”€â”€â”€â”€â”€â”€â”€â”€â”€â”€â”€â”€â”€â”€â”€â”€â”€â”€â”€â”€â”€â”€â”€â”¤
â”‚ parse-url            â”‚ CVE-2022-2900  â”‚ CRITICAL â”‚ 6.0.2             â”‚ 8.1.0               â”‚ Server-Side Request Forgery (SSRF) in GitHub repository      â”‚
â”‚                      â”‚                â”‚          â”‚                   â”‚                     â”‚ ionicabizau/parse-url                                        â”‚
â”‚                      â”‚                â”‚          â”‚                   â”‚                     â”‚ https://avd.aquasec.com/nvd/cve-2022-2900                    â”‚
â”‚                      â”œâ”€â”€â”€â”€â”€â”€â”€â”€â”€â”€â”€â”€â”€â”€â”€â”€â”¼â”€â”€â”€â”€â”€â”€â”€â”€â”€â”€â”¤                   â”‚                     â”œâ”€â”€â”€â”€â”€â”€â”€â”€â”€â”€â”€â”€â”€â”€â”€â”€â”€â”€â”€â”€â”€â”€â”€â”€â”€â”€â”€â”€â”€â”€â”€â”€â”€â”€â”€â”€â”€â”€â”€â”€â”€â”€â”€â”€â”€â”€â”€â”€â”€â”€â”€â”€â”€â”€â”€â”€â”€â”€â”€â”€â”€â”€â”¤
â”‚                      â”‚ CVE-2022-3224  â”‚ MEDIUM   â”‚                   â”‚                     â”‚ parse-url parses http URLs incorrectly, making it vulnerable â”‚
â”‚                      â”‚                â”‚          â”‚                   â”‚                     â”‚ to host name spoofing...                                     â”‚
â”‚                      â”‚                â”‚          â”‚                   â”‚                     â”‚ https://avd.aquasec.com/nvd/cve-2022-3224                    â”‚
â””â”€â”€â”€â”€â”€â”€â”€â”€â”€â”€â”€â”€â”€â”€â”€â”€â”€â”€â”€â”€â”€â”€â”´â”€â”€â”€â”€â”€â”€â”€â”€â”€â”€â”€â”€â”€â”€â”€â”€â”´â”€â”€â”€â”€â”€â”€â”€â”€â”€â”€â”´â”€â”€â”€â”€â”€â”€â”€â”€â”€â”€â”€â”€â”€â”€â”€â”€â”€â”€â”€â”´â”€â”€â”€â”€â”€â”€â”€â”€â”€â”€â”€â”€â”€â”€â”€â”€â”€â”€â”€â”€â”€â”´â”€â”€â”€â”€â”€â”€â”€â”€â”€â”€â”€â”€â”€â”€â”€â”€â”€â”€â”€â”€â”€â”€â”€â”€â”€â”€â”€â”€â”€â”€â”€â”€â”€â”€â”€â”€â”€â”€â”€â”€â”€â”€â”€â”€â”€â”€â”€â”€â”€â”€â”€â”€â”€â”€â”€â”€â”€â”€â”€â”€â”€â”€â”˜

Dockerfile (dockerfile)
=======================
Tests: 22 (SUCCESSES: 21, FAILURES: 1, EXCEPTIONS: 0)
Failures: 1 (UNKNOWN: 0, LOW: 0, MEDIUM: 0, HIGH: 1, CRITICAL: 0)

HIGH: Specify at least 1 USER command in Dockerfile with non-root user as argument
â•â•â•â•â•â•â•â•â•â•â•â•â•â•â•â•â•â•â•â•â•â•â•â•â•â•â•â•â•â•â•â•â•â•â•â•â•â•â•â•
Running containers with 'root' user can lead to a container escape situation. It is a best practice to run containers as non-root users, which can be done by adding a 'USER' statement to the Dockerfile.

See https://avd.aquasec.com/misconfig/ds002
â”€â”€â”€â”€â”€â”€â”€â”€â”€â”€â”€â”€â”€â”€â”€â”€â”€â”€â”€â”€â”€â”€â”€â”€â”€â”€â”€â”€â”€â”€â”€â”€â”€â”€â”€â”€â”€â”€â”€â”€



::endgroup::
::group::[32mâœ… Linted [EDITORCONFIG] files with [editorconfig-checker] successfully - (0.07s)[0m (expand for details)
- Using [editorconfig-checker v2.4.0] https://megalinter.io/6.18.0/descriptors/editorconfig_editorconfig_checker
- MegaLinter key: [EDITORCONFIG_EDITORCONFIG_CHECKER]
- Rules config: identified by [editorconfig-checker]
- Number of files analyzed: [59]
::endgroup::
::group::[32mâœ… Linted [JSON] files with [jsonlint] successfully - (0.62s)[0m (expand for details)
- Using [jsonlint v11.7.0] https://megalinter.io/6.18.0/descriptors/json_jsonlint
- MegaLinter key: [JSON_JSONLINT]
- Rules config: identified by [jsonlint]
- Number of files analyzed: [27]
::endgroup::
::group::[32mâœ… Linted [JSON] files with [npm-package-json-lint] successfully - (1.51s)[0m (expand for details)
- Using [npm-package-json-lint v6.4.0] https://megalinter.io/6.18.0/descriptors/json_npm_package_json_lint
- MegaLinter key: [JSON_NPM_PACKAGE_JSON_LINT]
- Rules config: [.npmpackagejsonlintrc.json]
::endgroup::
::group::[32mâœ… Linted [REPOSITORY] files with [secretlint] successfully - (1.7s)[0m (expand for details)
- Using [secretlint v6.0.2] https://megalinter.io/6.18.0/descriptors/repository_secretlint
- MegaLinter key: [REPOSITORY_SECRETLINT]
- Rules config: [.secretlintrc.json]
- Ignore file: [.secretlintignore]
::endgroup::
::group::[32mâœ… Linted [YAML] files with [yamllint] successfully - (0.22s)[0m (expand for details)
- Using [yamllint v1.28.0] https://megalinter.io/6.18.0/descriptors/yaml_yamllint
- MegaLinter key: [YAML_YAMLLINT]
- Rules config: [.yamllint.yml]
- Number of files analyzed: [2]
::endgroup::
::group::[32mâœ… Linted [REPOSITORY] files with [git_diff] successfully - (0.05s)[0m (expand for details)
- Using [git_diff v2.36.3] https://megalinter.io/6.18.0/descriptors/repository_git_diff
- MegaLinter key: [REPOSITORY_GIT_DIFF]
- Rules config: identified by [git_diff]
::endgroup::
::group::[33mâœ… Linted [REPOSITORY] files with [checkov]: Found 1 non blocking error(s) - (15.53s)[0m (expand for details)
- Using [checkov v2.1.244] https://megalinter.io/6.18.0/descriptors/repository_checkov
- MegaLinter key: [REPOSITORY_CHECKOV]
- Rules config: [.checkov.yml]
--Error detail:
terraform_plan scan results:

Passed checks: 0, Failed checks: 0, Skipped checks: 0, Parsing errors: 1

dockerfile scan results:

Passed checks: 6, Failed checks: 1, Skipped checks: 0

Check: CKV_DOCKER_3: "Ensure that a user for the container has been created"
	FAILED for resource: /Dockerfile.
	File: /Dockerfile:1-37
	Guide: https://docs.bridgecrew.io/docs/ensure-that-a-user-for-the-container-has-been-created

		1  | ARG IMAGE_NAME=node
		2  | ARG IMAGE_TAG=14
		3  | ARG APPHOME=/usr/src/app
		4  | ARG HOST=0.0.0.0
		5  | ARG PORT=3000
		6  | ARG NODE_ENVIRONMENT=production
		7  | 
		8  | FROM ${IMAGE_NAME}:${IMAGE_TAG}
		9  | 
		10 | ARG IMAGE_NAME
		11 | ARG IMAGE_TAG
		12 | ARG APPHOME
		13 | ARG HOST
		14 | ARG PORT
		15 | ARG NODE_ENVIRONMENT
		16 | 
		17 | RUN mkdir -p ${APPHOME}
		18 | 
		19 | WORKDIR ${APPHOME}
		20 | 
		21 | COPY . ${APPHOME}
		22 | 
		23 | RUN npm set unsafe-perm true \
		24 |   && npm install
		25 | 
		26 | ENV NODE_ENV=${NODE_ENVIRONMENT}
		27 | 
		28 | COPY . ${APPHOME}
		29 | 
		30 | RUN npm run build
		31 | 
		32 | ENV HOST=${HOST}
		33 | EXPOSE ${PORT}
		34 | ENV NUXT_HOST=${HOST}
		35 | ENV NUXT_PORT=${PORT}
		36 | 
		37 | CMD ["npm", "run", "dev"]

github_actions scan results:

Passed checks: 185, Failed checks: 0, Skipped checks: 0



::endgroup::

+----SUMMARY------+--------------------------+---------------+-------+-------+--------+--------------+
| Descriptor      | Linter                   | Mode          | Files | Fixed | Errors | Elapsed time |
+-----------------+--------------------------+---------------+-------+-------+--------+--------------+
| âœ… EDITORCONFIG | editorconfig-checker     | list_of_files |    59 |       |      0 |        0.07s |
| âœ… JSON         | eslint-plugin-jsonc      | list_of_files |    27 |     0 |      0 |        0.97s |
| âœ… JSON         | jsonlint                 | list_of_files |    27 |       |      0 |        0.62s |
| âœ… JSON         | npm-package-json-lint    | project       |   n/a |       |      0 |        1.51s |
| âœ… JSON         | prettier                 | list_of_files |    27 |    25 |      0 |        1.21s |
| âœ… JSON         | v8r                      | list_of_files |    27 |       |      0 |        6.55s |
| âœ… MARKDOWN     | markdownlint             | list_of_files |     2 |     0 |      0 |         0.4s |
| â—¬ MARKDOWN      | markdown-link-check      | list_of_files |     2 |       |      2 |        13.9s |
| âœ… MARKDOWN     | markdown-table-formatter | list_of_files |     2 |     0 |      0 |        0.27s |
| â—¬ REPOSITORY    | checkov                  | project       |   n/a |       |      1 |       15.53s |
| â—¬ REPOSITORY    | gitleaks                 | project       |   n/a |       |      2 |       10.86s |
| âœ… REPOSITORY   | git_diff                 | project       |   n/a |       |      0 |        0.05s |
| âœ… REPOSITORY   | secretlint               | project       |   n/a |       |      0 |         1.7s |
| â—¬ REPOSITORY    | trivy                    | project       |   n/a |       |      1 |        6.94s |
| âœ… YAML         | prettier                 | list_of_files |     2 |     1 |      0 |        0.54s |
| âœ… YAML         | v8r                      | list_of_files |     2 |       |      0 |        1.88s |
| âœ… YAML         | yamllint                 | list_of_files |     2 |       |      0 |        0.22s |
+-----------------+--------------------------+---------------+-------+-------+--------+--------------+

[GitHub Comment Reporter] Posted summary as comment on GSA/usagov-benefits-eligibility #PR605
[Updated Sources Reporter] copied 18 fixed source files in folder /github/workspace/megalinter-reports/updated_sources.
Download it from artifacts then copy-paste it in your local repo to apply linters updates
[33mâ—¬ Successfully linted all files, but with ignored errors[0m
