Results of checkov linter (version 2.1.244)
See documentation on https://megalinter.io/6.18.0/descriptors/repository_checkov/
-----------------------------------------------

❌ [ERROR] for workspace /github/workspace
Linter raw log:
terraform_plan scan results:

Passed checks: 0, Failed checks: 0, Skipped checks: 0, Parsing errors: 1

dockerfile scan results:

Passed checks: 6, Failed checks: 1, Skipped checks: 0

Check: CKV_DOCKER_3: "Ensure that a user for the container has been created"
	FAILED for resource: /Dockerfile.
	File: /Dockerfile:1-37
	Guide: https://docs.bridgecrew.io/docs/ensure-that-a-user-for-the-container-has-been-created

		1  | ARG IMAGE_NAME=node
		2  | ARG IMAGE_TAG=14
		3  | ARG APPHOME=/usr/src/app
		4  | ARG HOST=0.0.0.0
		5  | ARG PORT=3000
		6  | ARG NODE_ENVIRONMENT=production
		7  | 
		8  | FROM ${IMAGE_NAME}:${IMAGE_TAG}
		9  | 
		10 | ARG IMAGE_NAME
		11 | ARG IMAGE_TAG
		12 | ARG APPHOME
		13 | ARG HOST
		14 | ARG PORT
		15 | ARG NODE_ENVIRONMENT
		16 | 
		17 | RUN mkdir -p ${APPHOME}
		18 | 
		19 | WORKDIR ${APPHOME}
		20 | 
		21 | COPY . ${APPHOME}
		22 | 
		23 | RUN npm set unsafe-perm true \
		24 |   && npm install
		25 | 
		26 | ENV NODE_ENV=${NODE_ENVIRONMENT}
		27 | 
		28 | COPY . ${APPHOME}
		29 | 
		30 | RUN npm run build
		31 | 
		32 | ENV HOST=${HOST}
		33 | EXPOSE ${PORT}
		34 | ENV NUXT_HOST=${HOST}
		35 | ENV NUXT_PORT=${PORT}
		36 | 
		37 | CMD ["npm", "run", "dev"]

github_actions scan results:

Passed checks: 185, Failed checks: 0, Skipped checks: 0



