Results of gitleaks linter (version 8.15.2)
See documentation on https://megalinter.io/6.18.0/descriptors/repository_gitleaks/
-----------------------------------------------

❌ [ERROR] for workspace /github/workspace
Linter raw log:

    ○
    │╲
    │ ○
    ○ ░
    ░    gitleaks

Finding:     searchGovAccessKey: "[1;3;m5S6Psw6bydi_cmKJXx_v0k0Bo2WIk1aJdZzTgtDVjIg=[0m",
Secret:      [1;3;m5S6Psw6bydi_cmKJXx_v0k0Bo2WIk1aJdZzTgtDVjIg=[0m
RuleID:      generic-api-key
Entropy:     5.095795
File:        nuxt.config.js
Line:        112
Commit:      e14a796f1a8962c4089e2501b71e28b929d748c5
Author:      Jesse Schoenemann
Email:       36480164+jschoenemann-cms@users.noreply.github.com
Date:        2022-03-09T19:58:41Z
Fingerprint: e14a796f1a8962c4089e2501b71e28b929d748c5:nuxt.config.js:generic-api-key:112

Finding:     searchGovAccessKey: '[1;3;m5S6Psw6bydi_cmKJXx_v0k0Bo2WIk1aJdZzTgtDVjIg=[0m',
Secret:      [1;3;m5S6Psw6bydi_cmKJXx_v0k0Bo2WIk1aJdZzTgtDVjIg=[0m
RuleID:      generic-api-key
Entropy:     5.095795
File:        nuxt.config.js
Line:        107
Commit:      06c6515b961047c8dc7109c98e04f25d79ada994
Author:      Taylor Zajicek
Email:       tzajicek@flexion.us
Date:        2021-08-10T14:44:28Z
Fingerprint: 06c6515b961047c8dc7109c98e04f25d79ada994:nuxt.config.js:generic-api-key:107

[90m7:59AM[0m [32mINF[0m 2752 commits scanned.
[90m7:59AM[0m [32mINF[0m scan completed in 8.37s
[90m7:59AM[0m [31mWRN[0m leaks found: 2

